<?xml version="1.0" encoding="UTF-8"?>
<!-- Generated by org.testng.reporters.JUnitReportReporter -->
<testsuite hostname="DESKTOP-T6DNDPP" failures="0" tests="5" name="api.test.DDrTest" time="2.353" errors="0" timestamp="2023-07-17T17:31:14 PDT" skipped="0">
  <testcase classname="api.test.DDrTest" name="testpostUser" time="0.464"/>
  <system-out/>
  <testcase classname="api.test.DDrTest" name="testpostUser" time="0.496"/>
  <system-out/>
  <testcase classname="api.test.DDrTest" name="testpostUser" time="0.475"/>
  <system-out/>
  <testcase classname="api.test.DDrTest" name="testpostUser" time="0.471"/>
  <system-out/>
  <testcase classname="api.test.DDrTest" name="testpostUser" time="0.447"/>
  <system-out/>
</testsuite> <!-- api.test.DDrTest -->
