<?xml version="1.0" encoding="UTF-8"?>
<!-- Generated by org.testng.reporters.JUnitReportReporter -->
<testsuite hostname="DESKTOP-T6DNDPP" failures="0" tests="1" name="api.test.UserTest2" time="2.661" errors="0" timestamp="2023-07-17T19:27:43 PDT" skipped="0">
  <testcase classname="api.test.UserTest2" name="TestUpdateUser" time="2.661"/>
  <system-out/>
</testsuite> <!-- api.test.UserTest2 -->
