<?xml version="1.0" encoding="UTF-8"?>
<!-- Generated by org.testng.reporters.JUnitReportReporter -->
<testsuite hostname="DESKTOP-T6DNDPP" failures="0" tests="1" name="api.test.UserTest" time="3.662" errors="0" timestamp="2023-07-17T19:21:34 PDT" skipped="0">
  <testcase classname="api.test.UserTest" name="testPostuser" time="3.662"/>
  <system-out/>
</testsuite> <!-- api.test.UserTest -->
