<?xml version="1.0" encoding="UTF-8"?>
<!-- Generated by org.testng.reporters.JUnitReportReporter -->
<testsuite hostname="DESKTOP-T6DNDPP" failures="0" tests="5" name="api.test.DDrTest" time="2.683" errors="0" timestamp="2023-07-17T20:13:54 PDT" skipped="0">
  <testcase classname="api.test.DDrTest" name="testpostUser" time="0.437"/>
  <system-out/>
  <testcase classname="api.test.DDrTest" name="testpostUser" time="0.597"/>
  <system-out/>
  <testcase classname="api.test.DDrTest" name="testpostUser" time="0.548"/>
  <system-out/>
  <testcase classname="api.test.DDrTest" name="testpostUser" time="0.439"/>
  <system-out/>
  <testcase classname="api.test.DDrTest" name="testpostUser" time="0.662"/>
  <system-out/>
</testsuite> <!-- api.test.DDrTest -->
